1636627255711	geckodriver	INFO	Listening on 127.0.0.1:35653
1636627255714	mozrunner::runner	INFO	Running command: "/usr/bin/firefox" "--marionette" "-no-remote" "-profile" "/tmp/rust_mozprofile5pKN13"
1636627263657	Marionette	INFO	Marionette enabled
console.warn: SearchSettings: "get: No settings file exists, new profile?" (new NotFoundError("Could not open the file at /tmp/rust_mozprofile5pKN13/search.json.mozlz4", (void 0)))
1636627273228	Marionette	INFO	Listening on port 34711
1636627273776	RemoteAgent	WARN	TLS certificate errors will be ignored for this session
JavaScript warning: https://static.127777.com/mnbldr/?b=jd_rwd/public/minjs&g=homejs,usrjs,tranlatejs&ver_=51.15, line 534: unreachable code after return statement
JavaScript warning: https://www.justdial.com/wRUBhRLdhO0z/1fKJi6/IdyYLQ/irkYhrwDE13f/EyJvR24z/ClliUy/hPagIC, line 1: WEBGL_debug_renderer_info is deprecated in Firefox and will be removed. Please use RENDERER.
JavaScript warning: https://static.127777.com/mnbldr/?b=jd_rwd/public/minjs&g=homejs,usrjs,tranlatejs&ver_=51.15, line 534: unreachable code after return statement
JavaScript warning: https://www.justdial.com/wRUBhRLdhO0z/1fKJi6/IdyYLQ/irkYhrwDE13f/EyJvR24z/ClliUy/hPagIC, line 1: WEBGL_debug_renderer_info is deprecated in Firefox and will be removed. Please use RENDERER.
1636627303736	Marionette	INFO	Stopped listening on port 34711
console.warn: TopSitesFeed: Failed to fetch data from Contile server: NetworkError when attempting to fetch resource.

###!!! [Parent][RunMessage] Error: Channel closing: too late to send/recv, messages will be lost

1636627307293	geckodriver	INFO	Listening on 127.0.0.1:37123
1636627308304	mozrunner::runner	INFO	Running command: "/usr/bin/firefox" "--marionette" "-no-remote" "-profile" "/tmp/rust_mozprofilewITQdh"
1636627309831	Marionette	INFO	Marionette enabled
console.warn: SearchSettings: "get: No settings file exists, new profile?" (new NotFoundError("Could not open the file at /tmp/rust_mozprofilewITQdh/search.json.mozlz4", (void 0)))
1636627312116	Marionette	INFO	Listening on port 45795
1636627312988	RemoteAgent	WARN	TLS certificate errors will be ignored for this session
JavaScript warning: https://static.127777.com/mnbldr/?b=jd_rwd/public/minjs&g=homejs,usrjs,tranlatejs&ver_=51.15, line 534: unreachable code after return statement
JavaScript warning: https://www.justdial.com/wRUBhRLdhO0z/1fKJi6/IdyYLQ/irkYhrwDE13f/EyJvR24z/ClliUy/hPagIC, line 1: WEBGL_debug_renderer_info is deprecated in Firefox and will be removed. Please use RENDERER.
1636627342747	Marionette	INFO	Stopped listening on port 45795
console.warn: TopSitesFeed: Failed to fetch data from Contile server: NetworkError when attempting to fetch resource.

###!!! [Parent][RunMessage] Error: Channel closing: too late to send/recv, messages will be lost

